<?xml version="1.0" encoding="UTF-8"?>
<!-- Generated by org.testng.reporters.JUnitReportReporter -->
<testsuite hostname="janranjansahoo" failures="0" tests="1" name="runners.TestRunner" time="75.059" errors="0" timestamp="2025-02-28T07:42:21 IST" skipped="0">
  <testcase classname="runners.TestRunner" name="runScenario" time="75.059"/>
  <system-out/>
</testsuite> <!-- runners.TestRunner -->
