<?xml version="1.0" encoding="UTF-8"?>
<!-- Generated by org.testng.reporters.JUnitReportReporter -->
<testsuite hostname="janranjansahoo" failures="0" tests="1" name="runners.TestRunner" time="7.430" errors="0" timestamp="2025-03-16T14:11:22 IST" skipped="0">
  <testcase classname="runners.TestRunner" name="runScenario" time="7.430"/>
  <system-out/>
</testsuite> <!-- runners.TestRunner -->
