<?xml version="1.0" encoding="UTF-8"?>
<!-- Generated by org.testng.reporters.JUnitReportReporter -->
<testsuite hostname="janranjansahoo" failures="0" tests="1" name="runners.TestRunner" time="269.072" errors="0" timestamp="2025-02-03T07:53:31 IST" skipped="0">
  <testcase classname="runners.TestRunner" name="runScenario" time="269.072"/>
  <system-out/>
</testsuite> <!-- runners.TestRunner -->
