<?xml version="1.0" encoding="UTF-8"?>
<!-- Generated by org.testng.reporters.JUnitReportReporter -->
<testsuite hostname="janranjansahoo" failures="0" tests="1" name="runners.TestRunner" time="29.510" errors="0" timestamp="2025-02-24T07:19:28 IST" skipped="0">
  <testcase classname="runners.TestRunner" name="runScenario" time="29.510"/>
  <system-out/>
</testsuite> <!-- runners.TestRunner -->
