<?xml version="1.0" encoding="UTF-8"?>
<!-- Generated by org.testng.reporters.JUnitReportReporter -->
<testsuite hostname="janranjansahoo" failures="0" tests="1" name="runners.TestRunner" time="11.381" errors="0" timestamp="2025-03-17T08:29:02 IST" skipped="0">
  <testcase classname="runners.TestRunner" name="runScenario" time="11.381"/>
  <system-out/>
</testsuite> <!-- runners.TestRunner -->
