<?xml version="1.0" encoding="UTF-8"?>
<!-- Generated by org.testng.reporters.JUnitReportReporter -->
<testsuite hostname="janranjansahoo" failures="0" tests="1" name="runners.TestRunner" time="11.866" errors="0" timestamp="2025-03-20T11:05:24 IST" skipped="0">
  <testcase classname="runners.TestRunner" name="runScenario" time="11.866"/>
  <system-out/>
</testsuite> <!-- runners.TestRunner -->
